<?xml version="1.0" encoding="UTF-8" ?>
<testsuite errors="1" failures="0" hostname="DESKTOP-GDVHU2K" name="src.test.java.com.HelloworldTest" skipped="0" tests="1" time="0.0" timestamp="2023-04-30T10:50:09">
  <properties>
    <property name="java.vendor" value="Oracle Corporation" />
    <property name="lib.dir" value="lib" />
    <property name="sun.java.launcher" value="SUN_STANDARD" />
    <property name="sun.management.compiler" value="HotSpot 64-Bit Tiered Compilers" />
    <property name="os.name" value="Windows 10" />
    <property name="sun.desktop" value="windows" />
    <property name="java.vm.specification.vendor" value="Oracle Corporation" />
    <property name="ant.home" value="C:\Users\Cindy\Desktop\h\apache-ant-1.9.16\bin\.." />
    <property name="jar.dir" value="build/jar" />
    <property name="java.runtime.version" value="11.0.17+10-LTS-269" />
    <property name="ant.file.type.Helloworld" value="file" />
    <property name="user.name" value="Cindy" />
    <property name="build.dir" value="build" />
    <property name="ant.file.Helloworld" value="C:\Users\Cindy\Desktop\Helloworld\build.xml" />
    <property name="user.language" value="fr" />
    <property name="sun.boot.library.path" value="C:\Program Files\Java\jdk-11.0.17\bin" />
    <property name="ant.project.default-target" value="main" />
    <property name="ant.project.name" value="Helloworld" />
    <property name="java.vm.compressedOopsMode" value="32-bit" />
    <property name="java.version" value="11.0.17" />
    <property name="user.timezone" value="" />
    <property name="sun.arch.data.model" value="64" />
    <property name="sun.cpu.isalist" value="amd64" />
    <property name="sun.jnu.encoding" value="Cp1252" />
    <property name="file.separator" value="\" />
    <property name="java.specification.name" value="Java Platform API Specification" />
    <property name="java.class.version" value="55.0" />
    <property name="classes.dir" value="build/classes" />
    <property name="user.country" value="FR" />
    <property name="java.home" value="C:\Program Files\Java\jdk-11.0.17" />
    <property name="java.vm.info" value="mixed mode" />
    <property name="main-class" value="com.Helloworld" />
    <property name="ant.file" value="C:\Users\Cindy\Desktop\Helloworld\build.xml" />
    <property name="os.version" value="10.0" />
    <property name="path.separator" value=";" />
    <property name="java.vm.version" value="11.0.17+10-LTS-269" />
    <property name="report.dir" value="build/junitreport" />
    <property name="user.variant" value="" />
    <property name="ant.library.dir" value="C:\Users\Cindy\Desktop\h\apache-ant-1.9.16\lib" />
    <property name="java.awt.printerjob" value="sun.awt.windows.WPrinterJob" />
    <property name="sun.io.unicode.encoding" value="UnicodeLittle" />
    <property name="awt.toolkit" value="sun.awt.windows.WToolkit" />
    <property name="sun.stdout.encoding" value="cp850" />
    <property name="user.script" value="" />
    <property name="user.home" value="C:\Users\Cindy" />
    <property name="java.version.date" value="2022-10-18" />
    <property name="java.specification.vendor" value="Oracle Corporation" />
    <property name="java.library.path" value="C:\Program Files\Java\jdk-11.0.17\bin;C:\Windows\Sun\Java\bin;C:\Windows\system32;C:\Windows;C:\Program Files\Common Files\Oracle\Java\javapath;C:\Windows\system32;C:\Windows;C:\Windows\System32\Wbem;C:\Windows\System32\WindowsPowerShell\v1.0\;C:\Windows\System32\OpenSSH\;C:\Program Files\Git\cmd;C:\Program Files\Java\jdk-11.0.17\bin;C:\Users\Cindy\Desktop\h\payara6\bin;C:\Users\Cindy\Desktop\h\apache-maven-3.9.1\bin;C:\Users\Cindy\Desktop\h\apache-ant-1.9.16\bin;C:\Program Files\MySQL\MySQL Shell 8.0\bin\;C:\Users\Cindy\AppData\Local\Microsoft\WindowsApps;;." />
    <property name="java.vendor.url" value="https://openjdk.java.net/" />
    <property name="java.vm.vendor" value="Oracle Corporation" />
    <property name="java.runtime.name" value="Java(TM) SE Runtime Environment" />
    <property name="sun.java.command" value="org.apache.tools.ant.taskdefs.optional.junit.JUnitTestRunner src.test.java.com.HelloworldTest skipNonTests=false filtertrace=true haltOnError=false haltOnFailure=false formatter=org.apache.tools.ant.taskdefs.optional.junit.SummaryJUnitResultFormatter showoutput=false outputtoformatters=true logfailedtests=true threadid=0 logtestlistenerevents=false formatter=org.apache.tools.ant.taskdefs.optional.junit.XMLJUnitResultFormatter,C:\Users\Cindy\Desktop\Helloworld\build\junitreport\TEST-src.test.java.com.HelloworldTest.xml crashfile=C:\Users\Cindy\Desktop\Helloworld\junitvmwatcher6876741416604103132.properties propsfile=C:\Users\Cindy\Desktop\Helloworld\junit1761109249227647376.properties" />
    <property name="java.class.path" value="C:\Users\Cindy\Desktop\Helloworld\lib\junit-4.13.2.jar;C:\Users\Cindy\Desktop\Helloworld\build\jar\Helloworld.jar;C:\Users\Cindy\Desktop\h\apache-ant-1.9.16\lib\ant-launcher.jar;C:\Users\Cindy\Desktop\h\apache-ant-1.9.16\lib\ant.jar;C:\Users\Cindy\Desktop\h\apache-ant-1.9.16\lib\ant-junit.jar;C:\Users\Cindy\Desktop\h\apache-ant-1.9.16\lib\ant-junit4.jar" />
    <property name="ant.version" value="Apache Ant(TM) version 1.9.16 compiled on July 10 2021" />
    <property name="jdk.debug" value="release" />
    <property name="java.vm.specification.name" value="Java Virtual Machine Specification" />
    <property name="ant.file.type" value="file" />
    <property name="java.vm.specification.version" value="11" />
    <property name="sun.cpu.endian" value="little" />
    <property name="sun.os.patch.level" value="" />
    <property name="java.io.tmpdir" value="C:\Users\Cindy\AppData\Local\Temp\" />
    <property name="java.vendor.url.bug" value="https://bugreport.java.com/bugreport/" />
    <property name="os.arch" value="amd64" />
    <property name="java.awt.graphicsenv" value="sun.awt.Win32GraphicsEnvironment" />
    <property name="user.dir" value="C:\Users\Cindy\Desktop\Helloworld" />
    <property name="line.separator" value="&#xd;&#xa;" />
    <property name="java.vm.name" value="Java HotSpot(TM) 64-Bit Server VM" />
    <property name="basedir" value="C:\Users\Cindy\Desktop\Helloworld" />
    <property name="ant.java.version" value="11" />
    <property name="ant.core.lib" value="C:\Users\Cindy\Desktop\h\apache-ant-1.9.16\lib\ant.jar" />
    <property name="sun.stderr.encoding" value="cp850" />
    <property name="file.encoding" value="Cp1252" />
    <property name="java.specification.version" value="11" />
    <property name="src.dir" value="src" />
    <property name="java.vendor.version" value="18.9" />
    <property name="ant.project.invoked-targets" value="junit" />
  </properties>
  <error message="src.test.java.com.HelloworldTest" type="java.lang.ClassNotFoundException">java.lang.ClassNotFoundException: src.test.java.com.HelloworldTest
	at java.base/jdk.internal.loader.BuiltinClassLoader.loadClass(BuiltinClassLoader.java:581)
	at java.base/jdk.internal.loader.ClassLoaders$AppClassLoader.loadClass(ClassLoaders.java:178)
	at java.base/java.lang.ClassLoader.loadClass(ClassLoader.java:521)
	at java.base/java.lang.Class.forName0(Native Method)
	at java.base/java.lang.Class.forName(Class.java:398)
</error>
  <system-out><![CDATA[]]></system-out>
  <system-err><![CDATA[]]></system-err>
</testsuite>
